<?xml version="1.0" encoding="UTF-8"?>
<!-- Generated by org.testng.reporters.JUnitXMLReporter -->
<testsuite ignored="0" hostname="TAPAN" failures="0" tests="3" name="Default test" time="26.556" errors="0" timestamp="2024-09-03T03:44:01 EDT">
  <testcase classname="com.qa.opencart.tests.LogInPageTest" name="logInPageNavigationTest" time="0.456"/>
  <testcase classname="com.qa.opencart.tests.LogInPageTest" name="forgotPwdLinkExistTest" time="5.039"/>
  <testcase classname="com.qa.opencart.tests.LogInPageTest" name="appLoginTest" time="5.657"/>
</testsuite> <!-- Default test -->
