<?xml version="1.0" encoding="UTF-8"?>
<!-- Generated by org.testng.reporters.JUnitXMLReporter -->
<testsuite ignored="0" hostname="TAPAN" failures="0" tests="5" name="Open Cart Home Page Test_chrome" time="37.199" errors="0" timestamp="2024-09-05T01:47:11 EDT">
  <testcase classname="com.qa.opencart.tests.HomePageTest" name="getHomePageTitleTest" time="0.012"/>
  <testcase classname="com.qa.opencart.tests.HomePageTest" name="getHomePageURLTest" time="0.001"/>
  <testcase classname="com.qa.opencart.tests.HomePageTest" name="doSearchTest" time="6.117"/>
  <testcase classname="com.qa.opencart.tests.HomePageTest" name="doSearchTest" time="5.446"/>
  <testcase classname="com.qa.opencart.tests.HomePageTest" name="doSearchTest" time="5.516"/>
</testsuite> <!-- Open Cart Home Page Test_chrome -->
