<?xml version="1.0" encoding="UTF-8"?>
<!-- Generated by org.testng.reporters.JUnitXMLReporter -->
<testsuite ignored="0" hostname="TAPAN" failures="0" tests="3" name="Open Cart LogIn Page Test_chrome" time="22.625" errors="0" timestamp="2024-09-05T06:09:54 EDT">
  <testcase classname="com.qa.opencart.tests.LogInPageTest" name="logInPageNavigationTest" time="0.706"/>
  <testcase classname="com.qa.opencart.tests.LogInPageTest" name="forgotPwdLinkExistTest" time="5.027"/>
  <testcase classname="com.qa.opencart.tests.LogInPageTest" name="appLoginTest" time="3.603"/>
</testsuite> <!-- Open Cart LogIn Page Test_chrome -->
