<?xml version="1.0" encoding="UTF-8"?>
<!-- Generated by org.testng.reporters.JUnitXMLReporter -->
<testsuite ignored="0" hostname="TAPAN" failures="0" tests="3" name="Open Cart LogIn Page Test_chrome" time="37.184" errors="0" timestamp="2024-09-04T02:38:12 EDT">
  <testcase classname="com.qa.opencart.tests.LogInPageTest" name="logInPageNavigationTest" time="1.658"/>
  <testcase classname="com.qa.opencart.tests.LogInPageTest" name="forgotPwdLinkExistTest" time="5.032"/>
  <testcase classname="com.qa.opencart.tests.LogInPageTest" name="appLoginTest" time="9.666"/>
</testsuite> <!-- Open Cart LogIn Page Test_chrome -->
