<?xml version="1.0" encoding="UTF-8"?>
<!-- Generated by org.testng.reporters.JUnitXMLReporter -->
<testsuite ignored="0" hostname="TAPAN" failures="0" tests="5" name="Open Cart Home Page Test_chrome" time="41.089" errors="0" timestamp="2024-09-05T02:26:51 EDT">
  <testcase classname="com.qa.opencart.tests.HomePageTest" name="getHomePageTitleTest" time="0.015"/>
  <testcase classname="com.qa.opencart.tests.HomePageTest" name="getHomePageURLTest" time="0.015"/>
  <testcase classname="com.qa.opencart.tests.HomePageTest" name="doSearchTest" time="7.548"/>
  <testcase classname="com.qa.opencart.tests.HomePageTest" name="doSearchTest" time="5.804"/>
  <testcase classname="com.qa.opencart.tests.HomePageTest" name="doSearchTest" time="5.492"/>
</testsuite> <!-- Open Cart Home Page Test_chrome -->
