<?xml version="1.0" encoding="UTF-8"?>
<testng-results ignored="0" total="8" passed="8" failed="0" skipped="0">
  <reporter-output>
  </reporter-output>
  <suite started-at="2024-09-05T01:20:19 EDT" name="Open Cart Test Regression PW Suite" finished-at="2024-09-05T01:20:57 EDT" duration-ms="37941">
    <groups>
    </groups>
    <test started-at="2024-09-05T01:20:19 EDT" name="Open Cart LogIn Page Test_chrome" finished-at="2024-09-05T01:20:46 EDT" duration-ms="26612">
      <class name="com.qa.opencart.tests.LogInPageTest">
        <test-method is-config="true" signature="setUp()[pri:0, instance:com.qa.opencart.tests.LogInPageTest@6d167f58]" started-at="2024-09-05T01:20:19 EDT" name="setUp" finished-at="2024-09-05T01:20:34 EDT" duration-ms="15005" status="PASS">
          <reporter-output>
          </reporter-output>
        </test-method> <!-- setUp -->
        <test-method signature="logInPageNavigationTest()[pri:1, instance:com.qa.opencart.tests.LogInPageTest@6d167f58]" started-at="2024-09-05T01:20:34 EDT" name="logInPageNavigationTest" finished-at="2024-09-05T01:20:35 EDT" duration-ms="522" status="PASS">
          <reporter-output>
          </reporter-output>
        </test-method> <!-- logInPageNavigationTest -->
        <test-method signature="forgotPwdLinkExistTest()[pri:2, instance:com.qa.opencart.tests.LogInPageTest@6d167f58]" started-at="2024-09-05T01:20:35 EDT" name="forgotPwdLinkExistTest" finished-at="2024-09-05T01:20:40 EDT" duration-ms="5031" status="PASS">
          <reporter-output>
          </reporter-output>
        </test-method> <!-- forgotPwdLinkExistTest -->
        <test-method signature="appLoginTest()[pri:3, instance:com.qa.opencart.tests.LogInPageTest@6d167f58]" started-at="2024-09-05T01:20:40 EDT" name="appLoginTest" finished-at="2024-09-05T01:20:45 EDT" duration-ms="5545" status="PASS">
          <reporter-output>
          </reporter-output>
        </test-method> <!-- appLoginTest -->
        <test-method is-config="true" signature="tearDown()[pri:0, instance:com.qa.opencart.tests.LogInPageTest@6d167f58]" started-at="2024-09-05T01:20:45 EDT" name="tearDown" finished-at="2024-09-05T01:20:46 EDT" duration-ms="461" status="PASS">
          <reporter-output>
          </reporter-output>
        </test-method> <!-- tearDown -->
      </class> <!-- com.qa.opencart.tests.LogInPageTest -->
    </test> <!-- Open Cart LogIn Page Test_chrome -->
    <test started-at="2024-09-05T01:20:19 EDT" name="Open Cart Home Page Test_chrome" finished-at="2024-09-05T01:20:57 EDT" duration-ms="37941">
      <class name="com.qa.opencart.tests.HomePageTest">
        <test-method is-config="true" signature="setUp()[pri:0, instance:com.qa.opencart.tests.HomePageTest@1ab06251]" started-at="2024-09-05T01:20:19 EDT" name="setUp" finished-at="2024-09-05T01:20:34 EDT" duration-ms="15005" status="PASS">
          <reporter-output>
          </reporter-output>
        </test-method> <!-- setUp -->
        <test-method signature="getHomePageTitleTest()[pri:1, instance:com.qa.opencart.tests.HomePageTest@1ab06251]" started-at="2024-09-05T01:20:34 EDT" name="getHomePageTitleTest" finished-at="2024-09-05T01:20:34 EDT" duration-ms="42" status="PASS">
          <reporter-output>
          </reporter-output>
        </test-method> <!-- getHomePageTitleTest -->
        <test-method signature="getHomePageURLTest()[pri:2, instance:com.qa.opencart.tests.HomePageTest@1ab06251]" started-at="2024-09-05T01:20:34 EDT" name="getHomePageURLTest" finished-at="2024-09-05T01:20:34 EDT" duration-ms="1" status="PASS">
          <reporter-output>
          </reporter-output>
        </test-method> <!-- getHomePageURLTest -->
        <test-method signature="doSearchTest(java.lang.String)[pri:3, instance:com.qa.opencart.tests.HomePageTest@1ab06251]" started-at="2024-09-05T01:20:34 EDT" name="doSearchTest" data-provider="getDataForProduct" finished-at="2024-09-05T01:20:40 EDT" duration-ms="5466" status="PASS">
          <params>
            <param index="0">
              <value>
                <![CDATA[macbook]]>
              </value>
            </param>
          </params>
          <reporter-output>
          </reporter-output>
        </test-method> <!-- doSearchTest -->
        <test-method signature="doSearchTest(java.lang.String)[pri:3, instance:com.qa.opencart.tests.HomePageTest@1ab06251]" started-at="2024-09-05T01:20:40 EDT" name="doSearchTest" data-provider="getDataForProduct" finished-at="2024-09-05T01:20:45 EDT" duration-ms="5406" status="PASS">
          <params>
            <param index="0">
              <value>
                <![CDATA[iphone]]>
              </value>
            </param>
          </params>
          <reporter-output>
          </reporter-output>
        </test-method> <!-- doSearchTest -->
        <test-method signature="doSearchTest(java.lang.String)[pri:3, instance:com.qa.opencart.tests.HomePageTest@1ab06251]" started-at="2024-09-05T01:20:45 EDT" name="doSearchTest" data-provider="getDataForProduct" finished-at="2024-09-05T01:20:51 EDT" duration-ms="5405" status="PASS">
          <params>
            <param index="0">
              <value>
                <![CDATA[samsung]]>
              </value>
            </param>
          </params>
          <reporter-output>
          </reporter-output>
        </test-method> <!-- doSearchTest -->
        <test-method is-config="true" signature="tearDown()[pri:0, instance:com.qa.opencart.tests.HomePageTest@1ab06251]" started-at="2024-09-05T01:20:51 EDT" name="tearDown" finished-at="2024-09-05T01:20:57 EDT" duration-ms="6552" status="PASS">
          <reporter-output>
          </reporter-output>
        </test-method> <!-- tearDown -->
      </class> <!-- com.qa.opencart.tests.HomePageTest -->
    </test> <!-- Open Cart Home Page Test_chrome -->
  </suite> <!-- Open Cart Test Regression PW Suite -->
</testng-results>
